{"src/AccessControl.sol":{"l":{"12":19,"13":19,"17":19,"21":18,"22":18,"38":49},"path":"/Users/abhinavrobinson/Workspaces/node.workspace/aqua/biconomy-g13/contracts/src/AccessControl.sol","s":{"1":19,"2":19,"3":19,"4":18,"5":49},"b":{"1":[18,0]},"f":{"1":19,"2":19,"3":18,"4":49},"fnMap":{"1":{"name":"setAdminAccess","line":11,"loc":{"start":{"line":11,"column":1},"end":{"line":14,"column":1}}},"2":{"name":"isAdmin","line":16,"loc":{"start":{"line":16,"column":1},"end":{"line":18,"column":1}}},"3":{"name":"onlyAdmin","line":20,"loc":{"start":{"line":20,"column":1},"end":{"line":23,"column":1}}},"4":{"name":"_msgSender","line":31,"loc":{"start":{"line":31,"column":1},"end":{"line":39,"column":1}}}},"statementMap":{"1":{"start":{"line":12,"column":2},"end":{"line":12,"column":25}},"2":{"start":{"line":13,"column":2},"end":{"line":13,"column":37}},"3":{"start":{"line":17,"column":2},"end":{"line":17,"column":43}},"4":{"start":{"line":21,"column":2},"end":{"line":21,"column":54}},"5":{"start":{"line":38,"column":2},"end":{"line":38,"column":40}}},"branchMap":{"1":{"line":21,"type":"if","locations":[{"start":{"line":21,"column":2},"end":{"line":21,"column":2}},{"start":{"line":21,"column":2},"end":{"line":21,"column":2}}]}}},"src/BaseNFT.sol":{"l":{"20":0,"21":0,"29":0,"37":0,"43":0,"44":0,"46":0,"47":0,"57":0,"58":0},"path":"/Users/abhinavrobinson/Workspaces/node.workspace/aqua/biconomy-g13/contracts/src/BaseNFT.sol","s":{"1":0,"2":0,"3":0,"4":0,"5":0,"6":0,"7":0,"8":0,"9":0,"10":0},"b":{"1":[0,0],"2":[0,0]},"f":{"1":0,"2":0,"3":0,"4":0},"fnMap":{"1":{"name":"constructor","line":19,"loc":{"start":{"line":15,"column":1},"end":{"line":22,"column":1}}},"2":{"name":"setTokenURI","line":27,"loc":{"start":{"line":24,"column":1},"end":{"line":30,"column":1}}},"3":{"name":"mint","line":32,"loc":{"start":{"line":32,"column":1},"end":{"line":48,"column":1}}},"4":{"name":"_isApprovedOrOwner","line":50,"loc":{"start":{"line":50,"column":1},"end":{"line":62,"column":1}}}},"statementMap":{"1":{"start":{"line":20,"column":2},"end":{"line":20,"column":21}},"2":{"start":{"line":21,"column":2},"end":{"line":21,"column":27}},"3":{"start":{"line":29,"column":2},"end":{"line":29,"column":33}},"4":{"start":{"line":37,"column":2},"end":{"line":37,"column":906}},"5":{"start":{"line":43,"column":2},"end":{"line":43,"column":27}},"6":{"start":{"line":44,"column":2},"end":{"line":44,"column":36}},"7":{"start":{"line":46,"column":2},"end":{"line":46,"column":21}},"8":{"start":{"line":47,"column":2},"end":{"line":47,"column":34}},"9":{"start":{"line":57,"column":2},"end":{"line":57,"column":74}},"10":{"start":{"line":58,"column":2},"end":{"line":58,"column":1421}}},"branchMap":{"1":{"line":37,"type":"if","locations":[{"start":{"line":37,"column":2},"end":{"line":37,"column":2}},{"start":{"line":37,"column":2},"end":{"line":37,"column":2}}]},"2":{"line":57,"type":"if","locations":[{"start":{"line":57,"column":2},"end":{"line":57,"column":2}},{"start":{"line":57,"column":2},"end":{"line":57,"column":2}}]}}},"src/BaseRelayRecipient.sol":{"l":{"18":0,"22":0,"26":83,"36":86,"40":0,"44":86},"path":"/Users/abhinavrobinson/Workspaces/node.workspace/aqua/biconomy-g13/contracts/src/BaseRelayRecipient.sol","s":{"1":0,"2":83,"3":86,"4":86},"b":{"1":[0,0],"2":[0,86]},"f":{"1":0,"2":83,"3":86},"fnMap":{"1":{"name":"trustedForwarderOnly","line":17,"loc":{"start":{"line":17,"column":1},"end":{"line":23,"column":1}}},"2":{"name":"isTrustedForwarder","line":25,"loc":{"start":{"line":25,"column":1},"end":{"line":27,"column":1}}},"3":{"name":"_msgSender","line":35,"loc":{"start":{"line":35,"column":1},"end":{"line":46,"column":1}}}},"statementMap":{"1":{"start":{"line":18,"column":2},"end":{"line":18,"column":449}},"2":{"start":{"line":26,"column":2},"end":{"line":26,"column":38}},"3":{"start":{"line":36,"column":2},"end":{"line":36,"column":999}},"4":{"start":{"line":44,"column":3},"end":{"line":44,"column":20}}},"branchMap":{"1":{"line":18,"type":"if","locations":[{"start":{"line":18,"column":2},"end":{"line":18,"column":2}},{"start":{"line":18,"column":2},"end":{"line":18,"column":2}}]},"2":{"line":36,"type":"if","locations":[{"start":{"line":36,"column":2},"end":{"line":36,"column":2}},{"start":{"line":36,"column":2},"end":{"line":36,"column":2}}]}}},"src/BeMetaFactory.sol":{"l":{"18":0,"22":0,"29":0,"31":0,"33":0,"35":0,"39":0},"path":"/Users/abhinavrobinson/Workspaces/node.workspace/aqua/biconomy-g13/contracts/src/BeMetaFactory.sol","s":{"1":0,"2":0,"3":0,"4":0,"5":0,"6":0,"7":0},"b":{},"f":{"1":0,"2":0,"3":0,"4":0},"fnMap":{"1":{"name":"getCreatedContracts","line":13,"loc":{"start":{"line":13,"column":1},"end":{"line":19,"column":1}}},"2":{"name":"initialize","line":21,"loc":{"start":{"line":21,"column":1},"end":{"line":23,"column":1}}},"3":{"name":"createBeMetaPlace","line":25,"loc":{"start":{"line":25,"column":1},"end":{"line":36,"column":1}}},"4":{"name":"isSecondarySale","line":38,"loc":{"start":{"line":38,"column":1},"end":{"line":40,"column":1}}}},"statementMap":{"1":{"start":{"line":18,"column":2},"end":{"line":18,"column":42}},"2":{"start":{"line":22,"column":2},"end":{"line":22,"column":17}},"3":{"start":{"line":29,"column":2},"end":{"line":29,"column":64}},"4":{"start":{"line":31,"column":2},"end":{"line":31,"column":52}},"5":{"start":{"line":33,"column":2},"end":{"line":33,"column":40}},"6":{"start":{"line":35,"column":2},"end":{"line":35,"column":19}},"7":{"start":{"line":39,"column":2},"end":{"line":39,"column":37}}},"branchMap":{}},"src/BeMetaPlace.sol":{"l":{"25":3,"26":3,"27":3,"36":8,"37":8,"39":8,"41":8,"49":0,"59":31,"63":0,"67":0,"76":0,"86":0,"97":0,"105":9},"path":"/Users/abhinavrobinson/Workspaces/node.workspace/aqua/biconomy-g13/contracts/src/BeMetaPlace.sol","s":{"1":3,"2":3,"3":3,"4":8,"5":8,"6":8,"7":8,"8":0,"9":31,"10":0,"11":0,"12":0,"13":0,"14":0,"15":9},"b":{},"f":{"1":3,"2":8,"3":0,"4":31,"5":0,"6":0,"7":0,"8":0,"9":0,"10":9},"fnMap":{"1":{"name":"initialize","line":23,"loc":{"start":{"line":21,"column":1},"end":{"line":28,"column":1}}},"2":{"name":"mint","line":33,"loc":{"start":{"line":30,"column":1},"end":{"line":42,"column":1}}},"3":{"name":"setTokenURI","line":47,"loc":{"start":{"line":44,"column":1},"end":{"line":50,"column":1}}},"4":{"name":"_msgSender","line":52,"loc":{"start":{"line":52,"column":1},"end":{"line":60,"column":1}}},"5":{"name":"setBase","line":62,"loc":{"start":{"line":62,"column":1},"end":{"line":64,"column":1}}},"6":{"name":"_baseURI","line":66,"loc":{"start":{"line":66,"column":1},"end":{"line":68,"column":1}}},"7":{"name":"tokenURI","line":70,"loc":{"start":{"line":70,"column":1},"end":{"line":77,"column":1}}},"8":{"name":"supportsInterface","line":79,"loc":{"start":{"line":79,"column":1},"end":{"line":90,"column":1}}},"9":{"name":"_burn","line":92,"loc":{"start":{"line":92,"column":1},"end":{"line":98,"column":1}}},"10":{"name":"_beforeTokenTransfer","line":100,"loc":{"start":{"line":100,"column":1},"end":{"line":106,"column":1}}}},"statementMap":{"1":{"start":{"line":25,"column":2},"end":{"line":25,"column":26}},"2":{"start":{"line":26,"column":2},"end":{"line":26,"column":30}},"3":{"start":{"line":27,"column":2},"end":{"line":27,"column":17}},"4":{"start":{"line":36,"column":2},"end":{"line":36,"column":27}},"5":{"start":{"line":37,"column":2},"end":{"line":37,"column":36}},"6":{"start":{"line":39,"column":2},"end":{"line":39,"column":21}},"7":{"start":{"line":41,"column":2},"end":{"line":41,"column":34}},"8":{"start":{"line":49,"column":2},"end":{"line":49,"column":33}},"9":{"start":{"line":59,"column":2},"end":{"line":59,"column":40}},"10":{"start":{"line":63,"column":2},"end":{"line":63,"column":23}},"11":{"start":{"line":67,"column":2},"end":{"line":67,"column":19}},"12":{"start":{"line":76,"column":2},"end":{"line":76,"column":54}},"13":{"start":{"line":86,"column":2},"end":{"line":86,"column":2000}},"14":{"start":{"line":97,"column":2},"end":{"line":97,"column":43}},"15":{"start":{"line":105,"column":2},"end":{"line":105,"column":68}}},"branchMap":{}},"src/BeMetaToken.sol":{"l":{"12":3,"13":3,"15":3,"25":6},"path":"/Users/abhinavrobinson/Workspaces/node.workspace/aqua/biconomy-g13/contracts/src/BeMetaToken.sol","s":{"1":3,"2":3,"3":3,"4":6},"b":{},"f":{"1":3,"2":6},"fnMap":{"1":{"name":"initialize","line":10,"loc":{"start":{"line":8,"column":1},"end":{"line":16,"column":1}}},"2":{"name":"_msgSender","line":18,"loc":{"start":{"line":18,"column":1},"end":{"line":26,"column":1}}}},"statementMap":{"1":{"start":{"line":12,"column":2},"end":{"line":12,"column":29}},"2":{"start":{"line":13,"column":2},"end":{"line":13,"column":17}},"3":{"start":{"line":15,"column":2},"end":{"line":15,"column":30}},"4":{"start":{"line":25,"column":2},"end":{"line":25,"column":40}}},"branchMap":{}},"src/interfaces/IAccessControl.sol":{"l":{},"path":"/Users/abhinavrobinson/Workspaces/node.workspace/aqua/biconomy-g13/contracts/src/interfaces/IAccessControl.sol","s":{},"b":{},"f":{},"fnMap":{},"statementMap":{},"branchMap":{}},"src/interfaces/IBeMetaFactory.sol":{"l":{},"path":"/Users/abhinavrobinson/Workspaces/node.workspace/aqua/biconomy-g13/contracts/src/interfaces/IBeMetaFactory.sol","s":{},"b":{},"f":{},"fnMap":{},"statementMap":{},"branchMap":{}},"src/interfaces/IBeMetaPlace.sol":{"l":{},"path":"/Users/abhinavrobinson/Workspaces/node.workspace/aqua/biconomy-g13/contracts/src/interfaces/IBeMetaPlace.sol","s":{},"b":{},"f":{},"fnMap":{},"statementMap":{},"branchMap":{}},"src/PrimarySale.sol":{"l":{"32":4,"40":1,"41":1,"43":1,"44":2,"49":3,"50":3,"52":3,"61":8,"63":7,"65":7,"67":7,"78":1,"80":1,"81":1,"83":1,"89":1,"97":1,"102":1,"106":1,"109":1,"112":1,"116":5,"120":0,"127":0,"131":2,"132":2,"137":2,"142":2,"146":2,"149":2,"152":2},"path":"/Users/abhinavrobinson/Workspaces/node.workspace/aqua/biconomy-g13/contracts/src/PrimarySale.sol","s":{"1":4,"2":1,"3":1,"4":1,"5":2,"6":3,"7":3,"8":3,"9":8,"10":7,"11":7,"12":7,"13":1,"14":1,"15":1,"16":1,"17":1,"18":1,"19":1,"20":1,"21":1,"22":5,"23":0,"24":0,"25":2,"26":2,"27":2,"28":2,"29":2,"30":2},"b":{"1":[7,1],"2":[1,0],"3":[1,0],"4":[2,0]},"f":{"1":4,"2":1,"3":3,"4":8,"5":1,"6":5,"7":0,"8":0,"9":2},"fnMap":{"1":{"name":"getListings","line":27,"loc":{"start":{"line":27,"column":1},"end":{"line":33,"column":1}}},"2":{"name":"getSales","line":35,"loc":{"start":{"line":35,"column":1},"end":{"line":46,"column":1}}},"3":{"name":"initialize","line":48,"loc":{"start":{"line":48,"column":1},"end":{"line":53,"column":1}}},"4":{"name":"create","line":60,"loc":{"start":{"line":55,"column":1},"end":{"line":75,"column":1}}},"5":{"name":"buy","line":77,"loc":{"start":{"line":77,"column":1},"end":{"line":113,"column":1}}},"6":{"name":"setAllowedERC20","line":115,"loc":{"start":{"line":115,"column":1},"end":{"line":117,"column":1}}},"7":{"name":"withdraw","line":119,"loc":{"start":{"line":119,"column":1},"end":{"line":121,"column":1}}},"8":{"name":"withdrawNFT","line":125,"loc":{"start":{"line":123,"column":1},"end":{"line":128,"column":1}}},"9":{"name":"cancel","line":130,"loc":{"start":{"line":130,"column":1},"end":{"line":153,"column":1}}}},"statementMap":{"1":{"start":{"line":32,"column":2},"end":{"line":32,"column":27}},"2":{"start":{"line":40,"column":2},"end":{"line":40,"column":45}},"3":{"start":{"line":41,"column":2},"end":{"line":41,"column":37}},"4":{"start":{"line":43,"column":2},"end":{"line":43,"column":1056}},"5":{"start":{"line":44,"column":3},"end":{"line":44,"column":40}},"6":{"start":{"line":49,"column":2},"end":{"line":49,"column":22}},"7":{"start":{"line":50,"column":2},"end":{"line":50,"column":17}},"8":{"start":{"line":52,"column":2},"end":{"line":52,"column":39}},"9":{"start":{"line":61,"column":2},"end":{"line":61,"column":63}},"10":{"start":{"line":63,"column":2},"end":{"line":63,"column":53}},"11":{"start":{"line":65,"column":2},"end":{"line":65,"column":38}},"12":{"start":{"line":67,"column":2},"end":{"line":67,"column":1617}},"13":{"start":{"line":78,"column":2},"end":{"line":78,"column":36}},"14":{"start":{"line":80,"column":2},"end":{"line":80,"column":70}},"15":{"start":{"line":81,"column":2},"end":{"line":81,"column":66}},"16":{"start":{"line":83,"column":2},"end":{"line":83,"column":2069}},"17":{"start":{"line":89,"column":2},"end":{"line":89,"column":2168}},"18":{"start":{"line":97,"column":2},"end":{"line":97,"column":2324}},"19":{"start":{"line":102,"column":2},"end":{"line":102,"column":2446}},"20":{"start":{"line":106,"column":2},"end":{"line":106,"column":52}},"21":{"start":{"line":112,"column":2},"end":{"line":112,"column":28}},"22":{"start":{"line":116,"column":2},"end":{"line":116,"column":36}},"23":{"start":{"line":120,"column":2},"end":{"line":120,"column":52}},"24":{"start":{"line":127,"column":2},"end":{"line":127,"column":72}},"25":{"start":{"line":131,"column":2},"end":{"line":131,"column":36}},"26":{"start":{"line":132,"column":2},"end":{"line":132,"column":3277}},"27":{"start":{"line":137,"column":2},"end":{"line":137,"column":3405}},"28":{"start":{"line":142,"column":2},"end":{"line":142,"column":3527}},"29":{"start":{"line":146,"column":2},"end":{"line":146,"column":52}},"30":{"start":{"line":152,"column":2},"end":{"line":152,"column":28}}},"branchMap":{"1":{"line":61,"type":"if","locations":[{"start":{"line":61,"column":2},"end":{"line":61,"column":2}},{"start":{"line":61,"column":2},"end":{"line":61,"column":2}}]},"2":{"line":80,"type":"if","locations":[{"start":{"line":80,"column":2},"end":{"line":80,"column":2}},{"start":{"line":80,"column":2},"end":{"line":80,"column":2}}]},"3":{"line":81,"type":"if","locations":[{"start":{"line":81,"column":2},"end":{"line":81,"column":2}},{"start":{"line":81,"column":2},"end":{"line":81,"column":2}}]},"4":{"line":132,"type":"if","locations":[{"start":{"line":132,"column":2},"end":{"line":132,"column":2}},{"start":{"line":132,"column":2},"end":{"line":132,"column":2}}]}}},"src/SecondarySale.sol":{"l":{"44":3,"52":0,"65":3,"66":3,"67":3,"75":1,"86":3,"87":3,"91":3,"92":2,"93":1,"97":1,"102":1,"104":1,"115":1,"116":1,"118":1,"119":1,"120":1,"124":0,"128":0,"133":0,"134":0,"135":0,"139":0,"140":0,"141":0,"145":0,"146":0,"147":0,"149":0,"150":0,"154":0,"155":0,"156":0,"158":0,"161":0,"168":0,"170":0,"174":2,"175":2,"179":1,"180":1},"path":"/Users/abhinavrobinson/Workspaces/node.workspace/aqua/biconomy-g13/contracts/src/SecondarySale.sol","s":{"1":3,"2":0,"3":3,"4":3,"5":3,"6":1,"7":3,"8":3,"9":3,"10":2,"11":1,"12":1,"13":1,"14":1,"15":1,"16":1,"17":1,"18":1,"19":1,"20":0,"21":0,"22":0,"23":0,"24":0,"25":0,"26":0,"27":0,"28":0,"29":0,"30":0,"31":0,"32":0,"33":0,"34":0,"35":0,"36":0,"37":0,"38":0,"39":2,"40":2,"41":1,"42":1},"b":{"1":[3,0],"2":[3,0],"3":[2,1],"4":[1,1],"5":[1,0],"6":[1,0],"7":[0,0],"8":[0,0],"9":[0,0],"10":[0,0],"11":[0,0],"12":[0,0],"13":[0,0]},"f":{"1":3,"2":0,"3":3,"4":1,"5":3,"6":0,"7":0,"8":2,"9":1},"fnMap":{"1":{"name":"getIndex","line":39,"loc":{"start":{"line":39,"column":1},"end":{"line":45,"column":1}}},"2":{"name":"getData","line":47,"loc":{"start":{"line":47,"column":1},"end":{"line":53,"column":1}}},"3":{"name":"initialize","line":64,"loc":{"start":{"line":64,"column":1},"end":{"line":68,"column":1}}},"4":{"name":"getListings","line":70,"loc":{"start":{"line":70,"column":1},"end":{"line":76,"column":1}}},"5":{"name":"create","line":78,"loc":{"start":{"line":78,"column":1},"end":{"line":121,"column":1}}},"6":{"name":"updateListing","line":123,"loc":{"start":{"line":123,"column":1},"end":{"line":142,"column":1}}},"7":{"name":"buy","line":144,"loc":{"start":{"line":144,"column":1},"end":{"line":171,"column":1}}},"8":{"name":"setAllowedNFTAddress","line":173,"loc":{"start":{"line":173,"column":1},"end":{"line":176,"column":1}}},"9":{"name":"setAllowedCurrency","line":178,"loc":{"start":{"line":178,"column":1},"end":{"line":181,"column":1}}}},"statementMap":{"1":{"start":{"line":44,"column":2},"end":{"line":44,"column":36}},"2":{"start":{"line":52,"column":2},"end":{"line":52,"column":58}},"3":{"start":{"line":65,"column":2},"end":{"line":65,"column":17}},"4":{"start":{"line":66,"column":2},"end":{"line":66,"column":22}},"5":{"start":{"line":67,"column":2},"end":{"line":67,"column":25}},"6":{"start":{"line":75,"column":2},"end":{"line":75,"column":27}},"7":{"start":{"line":86,"column":2},"end":{"line":86,"column":66}},"8":{"start":{"line":87,"column":2},"end":{"line":87,"column":2208}},"9":{"start":{"line":91,"column":2},"end":{"line":91,"column":67}},"10":{"start":{"line":92,"column":2},"end":{"line":92,"column":61}},"11":{"start":{"line":93,"column":2},"end":{"line":93,"column":2447}},"12":{"start":{"line":97,"column":2},"end":{"line":97,"column":2542}},"13":{"start":{"line":102,"column":2},"end":{"line":102,"column":74}},"14":{"start":{"line":104,"column":2},"end":{"line":104,"column":2732}},"15":{"start":{"line":115,"column":2},"end":{"line":115,"column":34}},"16":{"start":{"line":116,"column":2},"end":{"line":116,"column":59}},"17":{"start":{"line":118,"column":2},"end":{"line":118,"column":76}},"18":{"start":{"line":119,"column":2},"end":{"line":119,"column":58}},"19":{"start":{"line":120,"column":2},"end":{"line":120,"column":52}},"20":{"start":{"line":124,"column":2},"end":{"line":124,"column":3341}},"21":{"start":{"line":128,"column":2},"end":{"line":128,"column":3463}},"22":{"start":{"line":133,"column":2},"end":{"line":133,"column":72}},"23":{"start":{"line":134,"column":2},"end":{"line":134,"column":66}},"24":{"start":{"line":135,"column":2},"end":{"line":135,"column":3762}},"25":{"start":{"line":139,"column":2},"end":{"line":139,"column":68}},"26":{"start":{"line":140,"column":2},"end":{"line":140,"column":62}},"27":{"start":{"line":141,"column":2},"end":{"line":141,"column":45}},"28":{"start":{"line":145,"column":2},"end":{"line":145,"column":67}},"29":{"start":{"line":146,"column":2},"end":{"line":146,"column":48}},"30":{"start":{"line":147,"column":2},"end":{"line":147,"column":47}},"31":{"start":{"line":149,"column":2},"end":{"line":149,"column":45}},"32":{"start":{"line":150,"column":2},"end":{"line":150,"column":4334}},"33":{"start":{"line":154,"column":2},"end":{"line":154,"column":73}},"34":{"start":{"line":155,"column":2},"end":{"line":155,"column":56}},"35":{"start":{"line":156,"column":2},"end":{"line":156,"column":55}},"36":{"start":{"line":158,"column":2},"end":{"line":158,"column":4640}},"37":{"start":{"line":161,"column":2},"end":{"line":161,"column":4762}},"38":{"start":{"line":168,"column":2},"end":{"line":168,"column":29}},"39":{"start":{"line":174,"column":2},"end":{"line":174,"column":37}},"40":{"start":{"line":175,"column":2},"end":{"line":175,"column":40}},"41":{"start":{"line":179,"column":2},"end":{"line":179,"column":35}},"42":{"start":{"line":180,"column":2},"end":{"line":180,"column":47}}},"branchMap":{"1":{"line":86,"type":"if","locations":[{"start":{"line":86,"column":2},"end":{"line":86,"column":2}},{"start":{"line":86,"column":2},"end":{"line":86,"column":2}}]},"2":{"line":87,"type":"if","locations":[{"start":{"line":87,"column":2},"end":{"line":87,"column":2}},{"start":{"line":87,"column":2},"end":{"line":87,"column":2}}]},"3":{"line":91,"type":"if","locations":[{"start":{"line":91,"column":2},"end":{"line":91,"column":2}},{"start":{"line":91,"column":2},"end":{"line":91,"column":2}}]},"4":{"line":92,"type":"if","locations":[{"start":{"line":92,"column":2},"end":{"line":92,"column":2}},{"start":{"line":92,"column":2},"end":{"line":92,"column":2}}]},"5":{"line":93,"type":"if","locations":[{"start":{"line":93,"column":2},"end":{"line":93,"column":2}},{"start":{"line":93,"column":2},"end":{"line":93,"column":2}}]},"6":{"line":97,"type":"if","locations":[{"start":{"line":97,"column":2},"end":{"line":97,"column":2}},{"start":{"line":97,"column":2},"end":{"line":97,"column":2}}]},"7":{"line":124,"type":"if","locations":[{"start":{"line":124,"column":2},"end":{"line":124,"column":2}},{"start":{"line":124,"column":2},"end":{"line":124,"column":2}}]},"8":{"line":128,"type":"if","locations":[{"start":{"line":128,"column":2},"end":{"line":128,"column":2}},{"start":{"line":128,"column":2},"end":{"line":128,"column":2}}]},"9":{"line":133,"type":"if","locations":[{"start":{"line":133,"column":2},"end":{"line":133,"column":2}},{"start":{"line":133,"column":2},"end":{"line":133,"column":2}}]},"10":{"line":134,"type":"if","locations":[{"start":{"line":134,"column":2},"end":{"line":134,"column":2}},{"start":{"line":134,"column":2},"end":{"line":134,"column":2}}]},"11":{"line":145,"type":"if","locations":[{"start":{"line":145,"column":2},"end":{"line":145,"column":2}},{"start":{"line":145,"column":2},"end":{"line":145,"column":2}}]},"12":{"line":149,"type":"if","locations":[{"start":{"line":149,"column":2},"end":{"line":149,"column":2}},{"start":{"line":149,"column":2},"end":{"line":149,"column":2}}]},"13":{"line":150,"type":"if","locations":[{"start":{"line":150,"column":2},"end":{"line":150,"column":2}},{"start":{"line":150,"column":2},"end":{"line":150,"column":2}}]}}}}