{"src/AccessControl.sol":{"l":{"12":13,"13":13,"17":17,"21":17,"22":17,"38":42},"path":"/Users/abhinavrobinson/Workspaces/node.workspace/aqua/biconomy-g13/contracts/src/AccessControl.sol","s":{"1":13,"2":13,"3":17,"4":17,"5":42},"b":{"1":[17,0]},"f":{"1":13,"2":17,"3":17,"4":42},"fnMap":{"1":{"name":"setAdminAccess","line":11,"loc":{"start":{"line":11,"column":1},"end":{"line":14,"column":1}}},"2":{"name":"isAdmin","line":16,"loc":{"start":{"line":16,"column":1},"end":{"line":18,"column":1}}},"3":{"name":"onlyAdmin","line":20,"loc":{"start":{"line":20,"column":1},"end":{"line":23,"column":1}}},"4":{"name":"_msgSender","line":31,"loc":{"start":{"line":31,"column":1},"end":{"line":39,"column":1}}}},"statementMap":{"1":{"start":{"line":12,"column":2},"end":{"line":12,"column":25}},"2":{"start":{"line":13,"column":2},"end":{"line":13,"column":37}},"3":{"start":{"line":17,"column":2},"end":{"line":17,"column":43}},"4":{"start":{"line":21,"column":2},"end":{"line":21,"column":54}},"5":{"start":{"line":38,"column":2},"end":{"line":38,"column":40}}},"branchMap":{"1":{"line":21,"type":"if","locations":[{"start":{"line":21,"column":2},"end":{"line":21,"column":2}},{"start":{"line":21,"column":2},"end":{"line":21,"column":2}}]}}},"src/BaseNFT.sol":{"l":{"20":0,"21":0,"29":0,"37":0,"43":0,"44":0,"46":0,"47":0,"57":0,"58":0},"path":"/Users/abhinavrobinson/Workspaces/node.workspace/aqua/biconomy-g13/contracts/src/BaseNFT.sol","s":{"1":0,"2":0,"3":0,"4":0,"5":0,"6":0,"7":0,"8":0,"9":0,"10":0},"b":{"1":[0,0],"2":[0,0]},"f":{"1":0,"2":0,"3":0,"4":0},"fnMap":{"1":{"name":"constructor","line":19,"loc":{"start":{"line":15,"column":1},"end":{"line":22,"column":1}}},"2":{"name":"setTokenURI","line":27,"loc":{"start":{"line":24,"column":1},"end":{"line":30,"column":1}}},"3":{"name":"mint","line":32,"loc":{"start":{"line":32,"column":1},"end":{"line":48,"column":1}}},"4":{"name":"_isApprovedOrOwner","line":50,"loc":{"start":{"line":50,"column":1},"end":{"line":62,"column":1}}}},"statementMap":{"1":{"start":{"line":20,"column":2},"end":{"line":20,"column":21}},"2":{"start":{"line":21,"column":2},"end":{"line":21,"column":27}},"3":{"start":{"line":29,"column":2},"end":{"line":29,"column":33}},"4":{"start":{"line":37,"column":2},"end":{"line":37,"column":906}},"5":{"start":{"line":43,"column":2},"end":{"line":43,"column":27}},"6":{"start":{"line":44,"column":2},"end":{"line":44,"column":36}},"7":{"start":{"line":46,"column":2},"end":{"line":46,"column":21}},"8":{"start":{"line":47,"column":2},"end":{"line":47,"column":34}},"9":{"start":{"line":57,"column":2},"end":{"line":57,"column":74}},"10":{"start":{"line":58,"column":2},"end":{"line":58,"column":1421}}},"branchMap":{"1":{"line":37,"type":"if","locations":[{"start":{"line":37,"column":2},"end":{"line":37,"column":2}},{"start":{"line":37,"column":2},"end":{"line":37,"column":2}}]},"2":{"line":57,"type":"if","locations":[{"start":{"line":57,"column":2},"end":{"line":57,"column":2}},{"start":{"line":57,"column":2},"end":{"line":57,"column":2}}]}}},"src/BaseRelayRecipient.sol":{"l":{"18":0,"22":0,"26":68,"36":71,"40":0,"44":71},"path":"/Users/abhinavrobinson/Workspaces/node.workspace/aqua/biconomy-g13/contracts/src/BaseRelayRecipient.sol","s":{"1":0,"2":68,"3":71,"4":71},"b":{"1":[0,0],"2":[0,71]},"f":{"1":0,"2":68,"3":71},"fnMap":{"1":{"name":"trustedForwarderOnly","line":17,"loc":{"start":{"line":17,"column":1},"end":{"line":23,"column":1}}},"2":{"name":"isTrustedForwarder","line":25,"loc":{"start":{"line":25,"column":1},"end":{"line":27,"column":1}}},"3":{"name":"_msgSender","line":35,"loc":{"start":{"line":35,"column":1},"end":{"line":46,"column":1}}}},"statementMap":{"1":{"start":{"line":18,"column":2},"end":{"line":18,"column":449}},"2":{"start":{"line":26,"column":2},"end":{"line":26,"column":38}},"3":{"start":{"line":36,"column":2},"end":{"line":36,"column":999}},"4":{"start":{"line":44,"column":3},"end":{"line":44,"column":20}}},"branchMap":{"1":{"line":18,"type":"if","locations":[{"start":{"line":18,"column":2},"end":{"line":18,"column":2}},{"start":{"line":18,"column":2},"end":{"line":18,"column":2}}]},"2":{"line":36,"type":"if","locations":[{"start":{"line":36,"column":2},"end":{"line":36,"column":2}},{"start":{"line":36,"column":2},"end":{"line":36,"column":2}}]}}},"src/BeMetaFactory.sol":{"l":{"18":0,"22":0,"29":0,"31":0,"33":0,"35":0,"39":0},"path":"/Users/abhinavrobinson/Workspaces/node.workspace/aqua/biconomy-g13/contracts/src/BeMetaFactory.sol","s":{"1":0,"2":0,"3":0,"4":0,"5":0,"6":0,"7":0},"b":{},"f":{"1":0,"2":0,"3":0,"4":0},"fnMap":{"1":{"name":"getCreatedContracts","line":13,"loc":{"start":{"line":13,"column":1},"end":{"line":19,"column":1}}},"2":{"name":"initialize","line":21,"loc":{"start":{"line":21,"column":1},"end":{"line":23,"column":1}}},"3":{"name":"createBeMetaPlace","line":25,"loc":{"start":{"line":25,"column":1},"end":{"line":36,"column":1}}},"4":{"name":"isSecondarySale","line":38,"loc":{"start":{"line":38,"column":1},"end":{"line":40,"column":1}}}},"statementMap":{"1":{"start":{"line":18,"column":2},"end":{"line":18,"column":42}},"2":{"start":{"line":22,"column":2},"end":{"line":22,"column":17}},"3":{"start":{"line":29,"column":2},"end":{"line":29,"column":64}},"4":{"start":{"line":31,"column":2},"end":{"line":31,"column":52}},"5":{"start":{"line":33,"column":2},"end":{"line":33,"column":40}},"6":{"start":{"line":35,"column":2},"end":{"line":35,"column":19}},"7":{"start":{"line":39,"column":2},"end":{"line":39,"column":37}}},"branchMap":{}},"src/BeMetaPlace.sol":{"l":{"25":3,"26":3,"27":3,"36":7,"37":7,"39":7,"41":7,"49":0,"59":23,"63":0,"67":0,"76":0,"86":0,"97":0,"105":8},"path":"/Users/abhinavrobinson/Workspaces/node.workspace/aqua/biconomy-g13/contracts/src/BeMetaPlace.sol","s":{"1":3,"2":3,"3":3,"4":7,"5":7,"6":7,"7":7,"8":0,"9":23,"10":0,"11":0,"12":0,"13":0,"14":0,"15":8},"b":{},"f":{"1":3,"2":7,"3":0,"4":23,"5":0,"6":0,"7":0,"8":0,"9":0,"10":8},"fnMap":{"1":{"name":"initialize","line":23,"loc":{"start":{"line":21,"column":1},"end":{"line":28,"column":1}}},"2":{"name":"mint","line":33,"loc":{"start":{"line":30,"column":1},"end":{"line":42,"column":1}}},"3":{"name":"setTokenURI","line":47,"loc":{"start":{"line":44,"column":1},"end":{"line":50,"column":1}}},"4":{"name":"_msgSender","line":52,"loc":{"start":{"line":52,"column":1},"end":{"line":60,"column":1}}},"5":{"name":"setBase","line":62,"loc":{"start":{"line":62,"column":1},"end":{"line":64,"column":1}}},"6":{"name":"_baseURI","line":66,"loc":{"start":{"line":66,"column":1},"end":{"line":68,"column":1}}},"7":{"name":"tokenURI","line":70,"loc":{"start":{"line":70,"column":1},"end":{"line":77,"column":1}}},"8":{"name":"supportsInterface","line":79,"loc":{"start":{"line":79,"column":1},"end":{"line":90,"column":1}}},"9":{"name":"_burn","line":92,"loc":{"start":{"line":92,"column":1},"end":{"line":98,"column":1}}},"10":{"name":"_beforeTokenTransfer","line":100,"loc":{"start":{"line":100,"column":1},"end":{"line":106,"column":1}}}},"statementMap":{"1":{"start":{"line":25,"column":2},"end":{"line":25,"column":26}},"2":{"start":{"line":26,"column":2},"end":{"line":26,"column":30}},"3":{"start":{"line":27,"column":2},"end":{"line":27,"column":17}},"4":{"start":{"line":36,"column":2},"end":{"line":36,"column":27}},"5":{"start":{"line":37,"column":2},"end":{"line":37,"column":36}},"6":{"start":{"line":39,"column":2},"end":{"line":39,"column":21}},"7":{"start":{"line":41,"column":2},"end":{"line":41,"column":34}},"8":{"start":{"line":49,"column":2},"end":{"line":49,"column":33}},"9":{"start":{"line":59,"column":2},"end":{"line":59,"column":40}},"10":{"start":{"line":63,"column":2},"end":{"line":63,"column":23}},"11":{"start":{"line":67,"column":2},"end":{"line":67,"column":19}},"12":{"start":{"line":76,"column":2},"end":{"line":76,"column":54}},"13":{"start":{"line":86,"column":2},"end":{"line":86,"column":2000}},"14":{"start":{"line":97,"column":2},"end":{"line":97,"column":43}},"15":{"start":{"line":105,"column":2},"end":{"line":105,"column":68}}},"branchMap":{}},"src/BeMetaToken.sol":{"l":{"12":3,"13":3,"15":3,"25":6},"path":"/Users/abhinavrobinson/Workspaces/node.workspace/aqua/biconomy-g13/contracts/src/BeMetaToken.sol","s":{"1":3,"2":3,"3":3,"4":6},"b":{},"f":{"1":3,"2":6},"fnMap":{"1":{"name":"initialize","line":10,"loc":{"start":{"line":8,"column":1},"end":{"line":16,"column":1}}},"2":{"name":"_msgSender","line":18,"loc":{"start":{"line":18,"column":1},"end":{"line":26,"column":1}}}},"statementMap":{"1":{"start":{"line":12,"column":2},"end":{"line":12,"column":29}},"2":{"start":{"line":13,"column":2},"end":{"line":13,"column":17}},"3":{"start":{"line":15,"column":2},"end":{"line":15,"column":30}},"4":{"start":{"line":25,"column":2},"end":{"line":25,"column":40}}},"branchMap":{}},"src/interfaces/IAccessControl.sol":{"l":{},"path":"/Users/abhinavrobinson/Workspaces/node.workspace/aqua/biconomy-g13/contracts/src/interfaces/IAccessControl.sol","s":{},"b":{},"f":{},"fnMap":{},"statementMap":{},"branchMap":{}},"src/interfaces/IBeMetaFactory.sol":{"l":{},"path":"/Users/abhinavrobinson/Workspaces/node.workspace/aqua/biconomy-g13/contracts/src/interfaces/IBeMetaFactory.sol","s":{},"b":{},"f":{},"fnMap":{},"statementMap":{},"branchMap":{}},"src/interfaces/IBeMetaPlace.sol":{"l":{},"path":"/Users/abhinavrobinson/Workspaces/node.workspace/aqua/biconomy-g13/contracts/src/interfaces/IBeMetaPlace.sol","s":{},"b":{},"f":{},"fnMap":{},"statementMap":{},"branchMap":{}},"src/PrimarySale.sol":{"l":{"32":4,"40":1,"41":1,"43":1,"44":2,"49":3,"50":3,"52":3,"61":8,"63":7,"65":7,"67":7,"78":1,"80":1,"81":1,"83":1,"89":1,"97":1,"102":1,"106":1,"109":1,"112":1,"116":5,"120":0,"127":0,"131":2,"132":2,"137":2,"142":2,"146":2,"149":2,"152":2},"path":"/Users/abhinavrobinson/Workspaces/node.workspace/aqua/biconomy-g13/contracts/src/PrimarySale.sol","s":{"1":4,"2":1,"3":1,"4":1,"5":2,"6":3,"7":3,"8":3,"9":8,"10":7,"11":7,"12":7,"13":1,"14":1,"15":1,"16":1,"17":1,"18":1,"19":1,"20":1,"21":1,"22":5,"23":0,"24":0,"25":2,"26":2,"27":2,"28":2,"29":2,"30":2},"b":{"1":[7,1],"2":[1,0],"3":[1,0],"4":[2,0]},"f":{"1":4,"2":1,"3":3,"4":8,"5":1,"6":5,"7":0,"8":0,"9":2},"fnMap":{"1":{"name":"getListings","line":27,"loc":{"start":{"line":27,"column":1},"end":{"line":33,"column":1}}},"2":{"name":"getSales","line":35,"loc":{"start":{"line":35,"column":1},"end":{"line":46,"column":1}}},"3":{"name":"initialize","line":48,"loc":{"start":{"line":48,"column":1},"end":{"line":53,"column":1}}},"4":{"name":"create","line":60,"loc":{"start":{"line":55,"column":1},"end":{"line":75,"column":1}}},"5":{"name":"buy","line":77,"loc":{"start":{"line":77,"column":1},"end":{"line":113,"column":1}}},"6":{"name":"setAllowedERC20","line":115,"loc":{"start":{"line":115,"column":1},"end":{"line":117,"column":1}}},"7":{"name":"withdraw","line":119,"loc":{"start":{"line":119,"column":1},"end":{"line":121,"column":1}}},"8":{"name":"withdrawNFT","line":125,"loc":{"start":{"line":123,"column":1},"end":{"line":128,"column":1}}},"9":{"name":"cancel","line":130,"loc":{"start":{"line":130,"column":1},"end":{"line":153,"column":1}}}},"statementMap":{"1":{"start":{"line":32,"column":2},"end":{"line":32,"column":27}},"2":{"start":{"line":40,"column":2},"end":{"line":40,"column":45}},"3":{"start":{"line":41,"column":2},"end":{"line":41,"column":37}},"4":{"start":{"line":43,"column":2},"end":{"line":43,"column":1056}},"5":{"start":{"line":44,"column":3},"end":{"line":44,"column":40}},"6":{"start":{"line":49,"column":2},"end":{"line":49,"column":22}},"7":{"start":{"line":50,"column":2},"end":{"line":50,"column":17}},"8":{"start":{"line":52,"column":2},"end":{"line":52,"column":39}},"9":{"start":{"line":61,"column":2},"end":{"line":61,"column":63}},"10":{"start":{"line":63,"column":2},"end":{"line":63,"column":53}},"11":{"start":{"line":65,"column":2},"end":{"line":65,"column":38}},"12":{"start":{"line":67,"column":2},"end":{"line":67,"column":1617}},"13":{"start":{"line":78,"column":2},"end":{"line":78,"column":36}},"14":{"start":{"line":80,"column":2},"end":{"line":80,"column":70}},"15":{"start":{"line":81,"column":2},"end":{"line":81,"column":66}},"16":{"start":{"line":83,"column":2},"end":{"line":83,"column":2069}},"17":{"start":{"line":89,"column":2},"end":{"line":89,"column":2168}},"18":{"start":{"line":97,"column":2},"end":{"line":97,"column":2324}},"19":{"start":{"line":102,"column":2},"end":{"line":102,"column":2446}},"20":{"start":{"line":106,"column":2},"end":{"line":106,"column":52}},"21":{"start":{"line":112,"column":2},"end":{"line":112,"column":28}},"22":{"start":{"line":116,"column":2},"end":{"line":116,"column":36}},"23":{"start":{"line":120,"column":2},"end":{"line":120,"column":52}},"24":{"start":{"line":127,"column":2},"end":{"line":127,"column":72}},"25":{"start":{"line":131,"column":2},"end":{"line":131,"column":36}},"26":{"start":{"line":132,"column":2},"end":{"line":132,"column":3277}},"27":{"start":{"line":137,"column":2},"end":{"line":137,"column":3405}},"28":{"start":{"line":142,"column":2},"end":{"line":142,"column":3527}},"29":{"start":{"line":146,"column":2},"end":{"line":146,"column":52}},"30":{"start":{"line":152,"column":2},"end":{"line":152,"column":28}}},"branchMap":{"1":{"line":61,"type":"if","locations":[{"start":{"line":61,"column":2},"end":{"line":61,"column":2}},{"start":{"line":61,"column":2},"end":{"line":61,"column":2}}]},"2":{"line":80,"type":"if","locations":[{"start":{"line":80,"column":2},"end":{"line":80,"column":2}},{"start":{"line":80,"column":2},"end":{"line":80,"column":2}}]},"3":{"line":81,"type":"if","locations":[{"start":{"line":81,"column":2},"end":{"line":81,"column":2}},{"start":{"line":81,"column":2},"end":{"line":81,"column":2}}]},"4":{"line":132,"type":"if","locations":[{"start":{"line":132,"column":2},"end":{"line":132,"column":2}},{"start":{"line":132,"column":2},"end":{"line":132,"column":2}}]}}},"src/SecondarySale.sol":{"l":{"37":0,"45":0,"58":3,"59":3,"60":3,"71":0,"72":0,"76":0,"77":0,"78":0,"82":0,"87":0,"89":0,"100":0,"101":0,"103":0,"104":0,"105":0,"109":0,"113":0,"118":0,"119":0,"120":0,"124":0,"125":0,"126":0,"130":0,"131":0,"132":0,"134":0,"135":0,"139":0,"140":0,"141":0,"143":0,"146":0,"153":0,"155":0},"path":"/Users/abhinavrobinson/Workspaces/node.workspace/aqua/biconomy-g13/contracts/src/SecondarySale.sol","s":{"1":0,"2":0,"3":3,"4":3,"5":3,"6":0,"7":0,"8":0,"9":0,"10":0,"11":0,"12":0,"13":0,"14":0,"15":0,"16":0,"17":0,"18":0,"19":0,"20":0,"21":0,"22":0,"23":0,"24":0,"25":0,"26":0,"27":0,"28":0,"29":0,"30":0,"31":0,"32":0,"33":0,"34":0,"35":0,"36":0,"37":0},"b":{"1":[0,0],"2":[0,0],"3":[0,0],"4":[0,0],"5":[0,0],"6":[0,0],"7":[0,0],"8":[0,0],"9":[0,0],"10":[0,0],"11":[0,0],"12":[0,0],"13":[0,0]},"f":{"1":0,"2":0,"3":3,"4":0,"5":0,"6":0},"fnMap":{"1":{"name":"getIndex","line":32,"loc":{"start":{"line":32,"column":1},"end":{"line":38,"column":1}}},"2":{"name":"getData","line":40,"loc":{"start":{"line":40,"column":1},"end":{"line":46,"column":1}}},"3":{"name":"initialize","line":57,"loc":{"start":{"line":57,"column":1},"end":{"line":61,"column":1}}},"4":{"name":"create","line":63,"loc":{"start":{"line":63,"column":1},"end":{"line":106,"column":1}}},"5":{"name":"updateListing","line":108,"loc":{"start":{"line":108,"column":1},"end":{"line":127,"column":1}}},"6":{"name":"buy","line":129,"loc":{"start":{"line":129,"column":1},"end":{"line":156,"column":1}}}},"statementMap":{"1":{"start":{"line":37,"column":2},"end":{"line":37,"column":36}},"2":{"start":{"line":45,"column":2},"end":{"line":45,"column":58}},"3":{"start":{"line":58,"column":2},"end":{"line":58,"column":17}},"4":{"start":{"line":59,"column":2},"end":{"line":59,"column":22}},"5":{"start":{"line":60,"column":2},"end":{"line":60,"column":25}},"6":{"start":{"line":71,"column":2},"end":{"line":71,"column":66}},"7":{"start":{"line":72,"column":2},"end":{"line":72,"column":1916}},"8":{"start":{"line":76,"column":2},"end":{"line":76,"column":67}},"9":{"start":{"line":77,"column":2},"end":{"line":77,"column":61}},"10":{"start":{"line":78,"column":2},"end":{"line":78,"column":2155}},"11":{"start":{"line":82,"column":2},"end":{"line":82,"column":2250}},"12":{"start":{"line":87,"column":2},"end":{"line":87,"column":74}},"13":{"start":{"line":89,"column":2},"end":{"line":89,"column":2440}},"14":{"start":{"line":100,"column":2},"end":{"line":100,"column":34}},"15":{"start":{"line":101,"column":2},"end":{"line":101,"column":59}},"16":{"start":{"line":103,"column":2},"end":{"line":103,"column":76}},"17":{"start":{"line":104,"column":2},"end":{"line":104,"column":58}},"18":{"start":{"line":105,"column":2},"end":{"line":105,"column":52}},"19":{"start":{"line":109,"column":2},"end":{"line":109,"column":3049}},"20":{"start":{"line":113,"column":2},"end":{"line":113,"column":3171}},"21":{"start":{"line":118,"column":2},"end":{"line":118,"column":72}},"22":{"start":{"line":119,"column":2},"end":{"line":119,"column":66}},"23":{"start":{"line":120,"column":2},"end":{"line":120,"column":3470}},"24":{"start":{"line":124,"column":2},"end":{"line":124,"column":68}},"25":{"start":{"line":125,"column":2},"end":{"line":125,"column":62}},"26":{"start":{"line":126,"column":2},"end":{"line":126,"column":45}},"27":{"start":{"line":130,"column":2},"end":{"line":130,"column":67}},"28":{"start":{"line":131,"column":2},"end":{"line":131,"column":48}},"29":{"start":{"line":132,"column":2},"end":{"line":132,"column":47}},"30":{"start":{"line":134,"column":2},"end":{"line":134,"column":45}},"31":{"start":{"line":135,"column":2},"end":{"line":135,"column":4042}},"32":{"start":{"line":139,"column":2},"end":{"line":139,"column":73}},"33":{"start":{"line":140,"column":2},"end":{"line":140,"column":56}},"34":{"start":{"line":141,"column":2},"end":{"line":141,"column":55}},"35":{"start":{"line":143,"column":2},"end":{"line":143,"column":4348}},"36":{"start":{"line":146,"column":2},"end":{"line":146,"column":4470}},"37":{"start":{"line":153,"column":2},"end":{"line":153,"column":29}}},"branchMap":{"1":{"line":71,"type":"if","locations":[{"start":{"line":71,"column":2},"end":{"line":71,"column":2}},{"start":{"line":71,"column":2},"end":{"line":71,"column":2}}]},"2":{"line":72,"type":"if","locations":[{"start":{"line":72,"column":2},"end":{"line":72,"column":2}},{"start":{"line":72,"column":2},"end":{"line":72,"column":2}}]},"3":{"line":76,"type":"if","locations":[{"start":{"line":76,"column":2},"end":{"line":76,"column":2}},{"start":{"line":76,"column":2},"end":{"line":76,"column":2}}]},"4":{"line":77,"type":"if","locations":[{"start":{"line":77,"column":2},"end":{"line":77,"column":2}},{"start":{"line":77,"column":2},"end":{"line":77,"column":2}}]},"5":{"line":78,"type":"if","locations":[{"start":{"line":78,"column":2},"end":{"line":78,"column":2}},{"start":{"line":78,"column":2},"end":{"line":78,"column":2}}]},"6":{"line":82,"type":"if","locations":[{"start":{"line":82,"column":2},"end":{"line":82,"column":2}},{"start":{"line":82,"column":2},"end":{"line":82,"column":2}}]},"7":{"line":109,"type":"if","locations":[{"start":{"line":109,"column":2},"end":{"line":109,"column":2}},{"start":{"line":109,"column":2},"end":{"line":109,"column":2}}]},"8":{"line":113,"type":"if","locations":[{"start":{"line":113,"column":2},"end":{"line":113,"column":2}},{"start":{"line":113,"column":2},"end":{"line":113,"column":2}}]},"9":{"line":118,"type":"if","locations":[{"start":{"line":118,"column":2},"end":{"line":118,"column":2}},{"start":{"line":118,"column":2},"end":{"line":118,"column":2}}]},"10":{"line":119,"type":"if","locations":[{"start":{"line":119,"column":2},"end":{"line":119,"column":2}},{"start":{"line":119,"column":2},"end":{"line":119,"column":2}}]},"11":{"line":130,"type":"if","locations":[{"start":{"line":130,"column":2},"end":{"line":130,"column":2}},{"start":{"line":130,"column":2},"end":{"line":130,"column":2}}]},"12":{"line":134,"type":"if","locations":[{"start":{"line":134,"column":2},"end":{"line":134,"column":2}},{"start":{"line":134,"column":2},"end":{"line":134,"column":2}}]},"13":{"line":135,"type":"if","locations":[{"start":{"line":135,"column":2},"end":{"line":135,"column":2}},{"start":{"line":135,"column":2},"end":{"line":135,"column":2}}]}}}}